<?xml version="1.0" encoding="UTF-8"?>
<!-- Generated by org.testng.reporters.JUnitReportReporter -->
<testsuite hostname="DESKTOP-1J6Q2U8" failures="0" tests="3" name="Crossbrowsertesting" time="95.935" errors="0" timestamp="2025-05-26T16:51:26 IST" skipped="0">
  <testcase classname="Crossbrowsertesting" name="verifytitle" time="36.039"/>
  <testcase classname="Crossbrowsertesting" name="verifytitle" time="27.591"/>
  <testcase classname="Crossbrowsertesting" name="verifytitle" time="32.305"/>
</testsuite> <!-- Crossbrowsertesting -->
