<?xml version="1.0" encoding="UTF-8"?>
<!-- Generated by org.testng.reporters.JUnitReportReporter -->
<testsuite hostname="DESKTOP-1J6Q2U8" failures="0" tests="3" name="TestNG_Annotation_8_Beforeaftergroup" time="0.009" errors="0" timestamp="2025-05-26T13:05:34 IST" skipped="0">
  <testcase classname="TestNG_Annotation_8_Beforeaftergroup" name="testLoginInvalidUser" time="0.005"/>
  <testcase classname="TestNG_Annotation_8_Beforeaftergroup" name="testSearchFeature" time="0.002"/>
  <testcase classname="TestNG_Annotation_8_Beforeaftergroup" name="testLoginValidUser" time="0.002"/>
</testsuite> <!-- TestNG_Annotation_8_Beforeaftergroup -->
