<?xml version="1.0" encoding="UTF-8"?>
<!-- Generated by org.testng.reporters.JUnitReportReporter -->
<testsuite hostname="DESKTOP-1J6Q2U8" failures="0" tests="1" name="ParallalTesting1" time="30.094" errors="0" timestamp="2025-05-26T16:53:18 IST" skipped="0">
  <testcase classname="ParallalTesting1" name="ParallalTesting" time="30.094"/>
</testsuite> <!-- ParallalTesting1 -->
