<?xml version="1.0" encoding="UTF-8"?>
<!-- Generated by org.testng.reporters.JUnitReportReporter -->
<testsuite hostname="DESKTOP-1J6Q2U8" failures="0" tests="1" name="ParallalTesting2" time="25.950" errors="0" timestamp="2025-05-26T16:53:18 IST" skipped="0">
  <testcase classname="ParallalTesting2" name="ParallalTesting" time="25.950"/>
</testsuite> <!-- ParallalTesting2 -->
